{"/home/hendrid/Escritorio/test/fizzbuzz.js": {"path":"/home/hendrid/Escritorio/test/fizzbuzz.js","all":false,"statementMap":{"0":{"start":{"line":1,"column":0},"end":{"line":1,"column":27}},"1":{"start":{"line":2,"column":0},"end":{"line":2,"column":32}},"2":{"start":{"line":3,"column":0},"end":{"line":3,"column":45}},"3":{"start":{"line":4,"column":0},"end":{"line":4,"column":3}},"4":{"start":{"line":5,"column":0},"end":{"line":5,"column":18}},"5":{"start":{"line":6,"column":0},"end":{"line":6,"column":14}},"6":{"start":{"line":7,"column":0},"end":{"line":7,"column":3}},"7":{"start":{"line":8,"column":0},"end":{"line":8,"column":0}},"8":{"start":{"line":9,"column":0},"end":{"line":9,"column":39}},"9":{"start":{"line":10,"column":0},"end":{"line":10,"column":30}},"10":{"start":{"line":11,"column":0},"end":{"line":11,"column":17}},"11":{"start":{"line":12,"column":0},"end":{"line":12,"column":5}},"12":{"start":{"line":13,"column":0},"end":{"line":13,"column":3}},"13":{"start":{"line":14,"column":0},"end":{"line":14,"column":0}},"14":{"start":{"line":15,"column":0},"end":{"line":15,"column":47}},"15":{"start":{"line":16,"column":0},"end":{"line":16,"column":21}},"16":{"start":{"line":17,"column":0},"end":{"line":17,"column":3}},"17":{"start":{"line":18,"column":0},"end":{"line":18,"column":26}},"18":{"start":{"line":19,"column":0},"end":{"line":19,"column":17}},"19":{"start":{"line":20,"column":0},"end":{"line":20,"column":3}},"20":{"start":{"line":21,"column":0},"end":{"line":21,"column":26}},"21":{"start":{"line":22,"column":0},"end":{"line":22,"column":17}},"22":{"start":{"line":23,"column":0},"end":{"line":23,"column":3}},"23":{"start":{"line":24,"column":0},"end":{"line":24,"column":12}},"24":{"start":{"line":25,"column":0},"end":{"line":25,"column":1}},"25":{"start":{"line":26,"column":0},"end":{"line":26,"column":0}},"26":{"start":{"line":27,"column":0},"end":{"line":27,"column":23}},"27":{"start":{"line":28,"column":0},"end":{"line":28,"column":14}},"28":{"start":{"line":29,"column":0},"end":{"line":29,"column":1}},"29":{"start":{"line":30,"column":0},"end":{"line":30,"column":0}},"30":{"start":{"line":31,"column":0},"end":{"line":31,"column":30}},"31":{"start":{"line":32,"column":0},"end":{"line":32,"column":34}},"32":{"start":{"line":33,"column":0},"end":{"line":33,"column":39}},"33":{"start":{"line":34,"column":0},"end":{"line":34,"column":3}},"34":{"start":{"line":35,"column":0},"end":{"line":35,"column":1}},"35":{"start":{"line":36,"column":0},"end":{"line":36,"column":0}},"36":{"start":{"line":37,"column":0},"end":{"line":37,"column":17}},"37":{"start":{"line":38,"column":0},"end":{"line":38,"column":0}},"38":{"start":{"line":39,"column":0},"end":{"line":39,"column":34}}},"s":{"0":1,"1":5,"2":1,"3":1,"4":5,"5":0,"6":0,"7":4,"8":4,"9":11,"10":5,"11":5,"12":11,"13":4,"14":5,"15":1,"16":1,"17":5,"18":1,"19":1,"20":5,"21":1,"22":1,"23":1,"24":1,"25":1,"26":1,"27":2,"28":2,"29":1,"30":1,"31":0,"32":0,"33":0,"34":0,"35":1,"36":1,"37":1,"38":1},"branchMap":{"0":{"type":"branch","line":1,"loc":{"start":{"line":1,"column":18},"end":{"line":25,"column":1}},"locations":[{"start":{"line":1,"column":18},"end":{"line":25,"column":1}}]},"1":{"type":"branch","line":2,"loc":{"start":{"line":2,"column":31},"end":{"line":4,"column":3}},"locations":[{"start":{"line":2,"column":31},"end":{"line":4,"column":3}}]},"2":{"type":"branch","line":5,"loc":{"start":{"line":5,"column":-1},"end":{"line":5,"column":6}},"locations":[{"start":{"line":5,"column":-1},"end":{"line":5,"column":6}}]},"3":{"type":"branch","line":5,"loc":{"start":{"line":5,"column":17},"end":{"line":7,"column":3}},"locations":[{"start":{"line":5,"column":17},"end":{"line":7,"column":3}}]},"4":{"type":"branch","line":8,"loc":{"start":{"line":8,"column":-1},"end":{"line":15,"column":15}},"locations":[{"start":{"line":8,"column":-1},"end":{"line":15,"column":15}}]},"5":{"type":"branch","line":15,"loc":{"start":{"line":15,"column":6},"end":{"line":15,"column":37}},"locations":[{"start":{"line":15,"column":6},"end":{"line":15,"column":37}}]},"6":{"type":"branch","line":15,"loc":{"start":{"line":15,"column":46},"end":{"line":17,"column":3}},"locations":[{"start":{"line":15,"column":46},"end":{"line":17,"column":3}}]},"7":{"type":"branch","line":18,"loc":{"start":{"line":18,"column":-1},"end":{"line":18,"column":6}},"locations":[{"start":{"line":18,"column":-1},"end":{"line":18,"column":6}}]},"8":{"type":"branch","line":18,"loc":{"start":{"line":18,"column":25},"end":{"line":20,"column":3}},"locations":[{"start":{"line":18,"column":25},"end":{"line":20,"column":3}}]},"9":{"type":"branch","line":21,"loc":{"start":{"line":21,"column":-1},"end":{"line":21,"column":6}},"locations":[{"start":{"line":21,"column":-1},"end":{"line":21,"column":6}}]},"10":{"type":"branch","line":21,"loc":{"start":{"line":21,"column":25},"end":{"line":25,"column":1}},"locations":[{"start":{"line":21,"column":25},"end":{"line":25,"column":1}}]},"11":{"type":"branch","line":9,"loc":{"start":{"line":9,"column":20},"end":{"line":13,"column":3}},"locations":[{"start":{"line":9,"column":20},"end":{"line":13,"column":3}}]},"12":{"type":"branch","line":10,"loc":{"start":{"line":10,"column":29},"end":{"line":12,"column":5}},"locations":[{"start":{"line":10,"column":29},"end":{"line":12,"column":5}}]},"13":{"type":"branch","line":27,"loc":{"start":{"line":27,"column":12},"end":{"line":29,"column":1}},"locations":[{"start":{"line":27,"column":12},"end":{"line":29,"column":1}}]}},"b":{"0":[5],"1":[1],"2":[4],"3":[0],"4":[4],"5":[2],"6":[1],"7":[3],"8":[1],"9":[2],"10":[1],"11":[11],"12":[5],"13":[2]},"fnMap":{"0":{"name":"fizzbuzz","decl":{"start":{"line":1,"column":18},"end":{"line":25,"column":1}},"loc":{"start":{"line":1,"column":18},"end":{"line":25,"column":1}},"line":1},"1":{"name":"divisible","decl":{"start":{"line":9,"column":20},"end":{"line":13,"column":3}},"loc":{"start":{"line":9,"column":20},"end":{"line":13,"column":3}},"line":9},"2":{"name":"sum","decl":{"start":{"line":27,"column":12},"end":{"line":29,"column":1}},"loc":{"start":{"line":27,"column":12},"end":{"line":29,"column":1}},"line":27},"3":{"name":"printNumber","decl":{"start":{"line":31,"column":21},"end":{"line":35,"column":1}},"loc":{"start":{"line":31,"column":21},"end":{"line":35,"column":1}},"line":31}},"f":{"0":5,"1":11,"2":2,"3":0}}
}
