TN:
SF:fizzbuzz.js
FN:1,fizzbuzz
FN:9,divisible
FN:27,sum
FN:31,printNumber
FNF:4
FNH:3
FNDA:5,fizzbuzz
FNDA:11,divisible
FNDA:2,sum
FNDA:0,printNumber
DA:1,1
DA:2,5
DA:3,1
DA:4,1
DA:5,5
DA:6,0
DA:7,0
DA:8,4
DA:9,4
DA:10,11
DA:11,5
DA:12,5
DA:13,11
DA:14,4
DA:15,5
DA:16,1
DA:17,1
DA:18,5
DA:19,1
DA:20,1
DA:21,5
DA:22,1
DA:23,1
DA:24,1
DA:25,1
DA:26,1
DA:27,1
DA:28,2
DA:29,2
DA:30,1
DA:31,1
DA:32,0
DA:33,0
DA:34,0
DA:35,0
DA:36,1
DA:37,1
DA:38,1
DA:39,1
LF:39
LH:33
BRDA:1,0,0,5
BRDA:2,1,0,1
BRDA:5,2,0,4
BRDA:5,3,0,0
BRDA:8,4,0,4
BRDA:15,5,0,2
BRDA:15,6,0,1
BRDA:18,7,0,3
BRDA:18,8,0,1
BRDA:21,9,0,2
BRDA:21,10,0,1
BRDA:9,11,0,11
BRDA:10,12,0,5
BRDA:27,13,0,2
BRF:14
BRH:13
end_of_record
